<?xml version="1.0" encoding="UTF-8"?>
<testsuite xmlns:xsi="http://www.w3.org/2001/XMLSchema-instance" xsi:noNamespaceSchemaLocation="https://maven.apache.org/surefire/maven-surefire-plugin/xsd/surefire-test-report.xsd" version="3.0.2" name="lule.dictionary.unit.service.PaginationServiceTest" time="0.041" tests="4" errors="0" skipped="0" failures="0">
  <properties>
[...]
</properties>
  <testcase name="shouldCreateArrayOfRows1" classname="lule.dictionary.unit.service.PaginationServiceTest" time="0.02">
    <system-out><![CDATA[[[1, 2, 3, 4, 5, 6, 7], [8, 9, 10, 11, 12, 13, 14], [15, 16, 17, 18, 19, 20, 21], [22, 23]]
]]></system-out>
  </testcase>
  <testcase name="shouldCreateArrayOfRows2" classname="lule.dictionary.unit.service.PaginationServiceTest" time="0.002"/>
  <testcase name="shouldCreateArrayOfRows420" classname="lule.dictionary.unit.service.PaginationServiceTest" time="0.005"/>
  <testcase name="shouldCreateArrayOfRows_empty" classname="lule.dictionary.unit.service.PaginationServiceTest" time="0.004"/>
</testsuite>