<?xml version="1.0" encoding="UTF-8"?>
<testsuite xmlns:xsi="http://www.w3.org/2001/XMLSchema-instance" xsi:noNamespaceSchemaLocation="https://maven.apache.org/surefire/maven-surefire-plugin/xsd/surefire-test-report.xsd" version="3.0.2" name="lule.dictionary.unit.entity.JsoupServiceTest" time="0.827" tests="1" errors="0" skipped="0" failures="0">
  <properties>
[...]
</properties>
  <testcase name="shouldImportDocument" classname="lule.dictionary.unit.entity.JsoupServiceTest" time="0.747">
    <system-out><![CDATA[10:25:51.238 [main] INFO lule.dictionary.unit.entity.JsoupServiceTest -- whole text, separated:  
Audun Grønvold er død – NRK Sport – Sportsnyheter, resultater og sendeplan
Hopp til innholdNRK TVNRK RadioNRK SuperNRK P3YrNyheterSportKulturHumorDistriktMerNyheterNyhetssenterNorgeUrixDebattenKulturNyttigVitenDokumentarYtringNRK SápmiNRK KvenskSportSportsnyheterLivesportSendeplanSpillQuizFormerTversDistriktAgderAkershusBuskerudFinnmarkInnlandetMøre og RomsdalNordlandOsloRogalandTelemarkTromsTrøndelagVestfoldVestlandØstfoldTemasiderNRK HumorNRK MatNRK SkoleNRKbetaInfoHjelpInformasjonBærekraftKarriere  
Sport
Livesport
Video
Sendeplan
Langlesing
Audun Grønvold er død etter lynnedslag: – Forferdelig tragisk
Tidligere OL-medaljør Audun Grønvold etterlater seg kone og tre barn. Kjetil André Aamodt minnes kompisen som en ildsjel.
HØYDEPUNKTET: Audun Grønvold tok OL-bronse i skicross i 2010. Foto: Lise Åserud / NTB
Anders Skjerdingstad
 – Journalist
Journalist
+ 3 til
Vegard Kjøllmoen Steien
 – Journalist
Journalist
Sara Sivertsen Fahrendorff
 – Journalist
Journalist
Astri Chatura Øverdal
 – Journalist
Journalist
Publisert
16.07.2025, kl. 14.18
Oppdatert
16.07.2025, kl. 15.43
Publisert
16.07.2025, kl. 14.18
Oppdatert
16.07.2025, kl. 15.43
Audun Grønvold døde natt til onsdag, 49 år gammel. Det skjedde etter at han ble truffet av et lynnedslag mens han var på hytta lørdag. I et Facebook-innlegg onsdag skriver Grønvolds kone, Kristin Tandberg Haugsjå: «Audun, min store kjærlighet og min beste venn i tjue år.. i dag forlot du oss. Det som startet med en nydelig sommerferie, endte forrige lørdag med at du ble truffet av lynet mens vi var ute ved hytta vår. Selv om du raskt fikk behandling og ble fraktet til sykehus, døde du av skadene i natt. Sanna, Selma, William og jeg vil bære deg med oss i hjertene våre. Savnet etter deg er enormt». Haugsjå har gitt NRK godkjennelse til å gjengi innlegget. Hamar Arbeiderblad omtalte saken først. – Det er bare forferdelig tragisk og et trist budskap å få. Det var en brå og altfor tidlig død, så det er veldig brutalt, sier Kjetil André Aamodt til NRK. Han var lagkamerat med Grønvold på det norske alpinlandslaget. De siste 15 årene har de to spilt ishockey sammen på hobbybasis. OL-medalje i skicross Grønvold startet sin aktive idrettskarriere som alpinist. Han har NM-gull i utfor fra 2003 og 2004, men i 2004 bestemte han seg for å satse på en ny idrett. Hamarsingen startet med skicross i sesongen 2004/05, der han raskt etablerte seg som en av verdens beste utøvere. I 2007 tok Grønvold VM-bronse og en verdenscupseier. 
PÅ PALLEN MED KJUSER'N: Audun Grønvold (t.h.) ble nummer tre i verdenscupfinalen i utfor i Sierra Nevada i 199, bak Lasse Kjus og Chad Fleischer.
Foto: Torbjørn Jakobsson/FLT-PICA / NTB
I 2010 begikk han karrierens største bragd. Da sikret Grønvold seg en OL-bronse i Vancouver. Samme år vant han NM-gull og tok karrierens første kongepokal i skicross. Etter OL-sesongen ga han seg som aktiv idrettsutøver. Årsaken var at kroppen hadde gitt signaler om at det var nok. Grønvold slet med både kne, albue og nakke mot slutten av karrieren. – Jeg gir meg med litt tungt hjerte, men det er et fornuftig valg, sa Grønvold til NRK den gang.
MUNTER: Slik vil Kjetil André Aamodt huske Audun Grønvold. Foto: Privat
– Ildsjel Rett etter den aktive idrettskarrieren var over, ble han sjef for skicrosslandslaget. Grønvold jobbet som landslagstrener fra 2010 til 2012. Ifølge Kjetil André Aamodt var Grønvold aktiv innen idretten også etter at han ga seg i de formelle rollene innen toppidretten. – Han var primus motor for hockeylaget vi spilte på, Lambertseter Flyers. Han sto også på og fulgte opp barna sine. Han var en ildsjel i de miljøene der han var, sier alpinlegenden. Han opplever at Grønvold på enkelte områder var et unikt talent. – Han drev jo med både hopp, hockey, alpint og skicross. Han var veldig glad i sport og veldig aktiv. Og han var en av de hurtigste og spenstigste utøverne som er målt i tester på Olympiatoppen, sier Aamodt. – Hva er ditt beste minne med Audun Grønvold? – Det er mange minner. Når du har stått og opplevd nervøsiteten sammen på toppen av Kitzbühel, kommer du tett. Akkurat nå husker jeg kanskje aller best at Audun troppet opp på «løkkehockey» i mai i keeperutstyr. Han skulle egentlig ikke vært der, og han var egentlig ikke keeper, men plutselig dukket han opp i fullt keeperutstyr bare for å gi oss en latter, sier Aamodt. – Sjokkerende Christian Mithassel var utøver på skicrosslandslaget da Grønvold var landslagstrener. Han kjente ikke til dødsfallet før han ble kontaktet av NRK onsdag ettermiddag. – Det er veldig synd og sjokkerende å høre. Han var en kjempefin person og en engasjert trener. Han var generelt veldig engasjert i idretten og det han holdt på med, sier Midthassel. Hedda Berntsen var på landslaget i skicross sammen med Grønvold. – Vi som var på landslaget med Audun gjennom flere år, er i sorg og sjokk. Vi minnes Audun som en fantastisk idrettsutøver og venn, skriver hun i en melding til NRK. – Norsk skisport har mistet en markant skikkelse, som har betydd så mye for både alpint og freestylemiljøet. Audun hadde en flott karriere både i alpint og skicross, sier Dyrhaug i en melding sendt til NTB. – Som lagkamerat, trener, kollega og venn satte han dype spor i skiidretten, sier alpinsjef Claus Ryste i en uttalelse.
Publisert
16.07.2025, kl. 14.18
Oppdatert
16.07.2025, kl. 15.43
 
Sportsnyheter
Mulig skadetrøbbel i thriller: – Håper ikke det ødelegger Sander Skotheim skar grimaser etter et lengdehopp. Tikjemperen innrømmer at han er spent på fortsettelsen. Av Magnus Helle, Fredrik Solbu Jullumstrø, Ida Nysæter Rasch og Mathias Hagen
Her er Skotheims gulloppskrift: Klekte ut planen frå pappas Excel-ark Sander Skotheim drøymer stort før VM-tikampen. No gir han eit eksklusivt innblikk i kva som må til for jubel. Av Magnus Helle, Fredrik Solbu Jullumstrø og Anders Boine Verstad
Halta ut etter VM-fiasko – no ventar ferie: – Hadde vore kjipt å miste både gullet og dama Over to timar etter løpet, kunne Karsten Warholm forlate VM-stadion i Tokyo. No ventar ferie med sambuaren Oda Djupvik. Av Hanne Skjellum og Harald Thingnes
+
Vis flere
Siste nytt
20. september
2025
kl.
09:57
Sportsnyheter
Bekrefter Warholm-skade – ute i flere uker
Lege i Norges Friidrettsforbund Ove Talsnes bekrefter at hekkeløper Karsten Warholm har pådratt seg en skade. – Det ble i formiddag foretatt en undersøkelse av Karsten Warholm med ultralyd. Det ble påvist en liten skade øverst i leggen. Den er ikke av alvorlig karakter, sier landslagslegen til NRK. Han fortsetter: – Men den er uforenlig med å kunne gjennomføre et løp på høyt nivå, som VM-finalen i går. Rehabiliteringen av skaden vil ta fire til seks uker. Karsten kan og vil imidlertid trene i denne perioden. Det var etter VM-løpet på 400 meter hekk at Warholm avslørte trøbbel med leggen. Han fortalte at han fikk en kjenning på vei ut av startblokkene. Nordmannen var langt unna sitt vanlige jeg, og ble nummer fem. Rai Benjamin stakk av med gullet etter dramatisk etterspill. Amerikaneren ble først disket, før han fikk tilbake gullet.
Foto: AFP
20. september
2025
kl.
09:33
Sportsnyheter
Ruud imponerte i Laver Cup – Europa-laget med sterk start
Den norske tennisstjernen Casper Ruud sørget for at Europa-laget tok ledelsen fra start i Laver Cup. Snarøya-mannen slo Reilly Opelka i åpningskampen sent fredag kveld. Ruud hadde ikke tapt på de fire tidligere oppgjørene mot Opelka. I Laver Cup-starten i San Francisco seiret nordmannen med settsifrene 6-4, 7-6 (7-4) over den høyreiste amerikaneren. Europa-laget fikk dermed ett poeng for Ruuds seier. Det skal spilles både single- og doublekamper fram til søndagen. Det var Ruuds fjerde seier i en singlekamp i Laver Cup. 26-åringen deltar i turneringen for femte året på rad og triumfen over Opelka var den fjerde på totalt fem singlekamper. Laver Cup er en lagturnering mellom håndplukkede spillere fra Europa og verden. Europeerne leder 3-1 sammenlagt etter åpningsdagen. (NTB)
Foto: David Gonzales / Reuters / NTB
20. september
2025
kl.
01:56
Friidretts-VM 2025
Pérez vann kappgangen
María Pérez tok gull på den 20 kilometer lange kappgangen i VM. Spanjolen klokka inn på tida 1.25.54. På plassane bak ho kom Alegna González og Nanako Fujii.
María Pérez tok gull i kappgang Du trenger javascript for å se video.
+
Vis flere
Sendeplan
I går I dag I morgen
Velg dato
Kl.
Program
Kanal
+
Vis hele dagen
NRK Sport
Telefon: 
23 04 70 00
E-post: 
sporten@nrk.no
Sportsredaktør: 
Espen Olsen Langfeldt
Norsk Presseforbund, logo.
Vi arbeider etter Vær Varsom-plakatens regler for god presseskikk. Den som mener seg rammet av urettmessig publisering, oppfordres til å ta kontakt med redaksjonen. Pressens Faglige Utvalg (PFU) er et klageorgan oppnevnt av Norsk Presseforbund som behandler klager mot mediene i presseetiske spørsmål.
Lukk.
NRK arbeider etter Vær Varsom-plakatens regler for god presseskikk. Klikk for mer informasjon.
Nyhetstips 03030
Kontakt
Kontakt
Om NRK Kontakt NRK
Lisens
Publikum i NRK Delta i NRK-programmer Jobb i NRK
Presse
Hjelp
Hjelp
Brukerstøtte
Tilgjengelighet
Personvern
Informasjonskapsler (cookies)
Tjenester
Tjenester
Yr
NRK Skole
Produksjon
Produksjon
Eksterne produksjoner Retningslinjer og design
Salg
Salg
TV-spons og salg
Til toppen
NRK
Opphavsrett NRK © 2025
Ansvarlig redaktør: Vibeke Fürst Haugen Nettsjef: Kathrine Hammerstad (Konst.)

]]></system-out>
  </testcase>
</testsuite>