<?xml version="1.0" encoding="UTF-8"?>
<testsuite xmlns:xsi="http://www.w3.org/2001/XMLSchema-instance" xsi:noNamespaceSchemaLocation="https://maven.apache.org/surefire/maven-surefire-plugin/xsd/surefire-test-report.xsd" version="3.0.2" name="lule.dictionary.unit.entity.JsoupServiceTest" time="1.236" tests="1" errors="0" skipped="0" failures="0">
  <properties>
[...]
</properties>
  <testcase name="shouldImportDocument" classname="lule.dictionary.unit.entity.JsoupServiceTest" time="1.142">
    <system-out><![CDATA[20:26:19.459 [main] INFO lule.dictionary.unit.entity.JsoupServiceTest -- whole text, separated:  
Audun Grønvold er død – NRK Sport – Sportsnyheter, resultater og sendeplan
Hopp til innholdNRK TVNRK RadioNRK SuperNRK P3YrNyheterSportKulturHumorDistriktMerNyheterNyhetssenterNorgeUrixDebattenKulturNyttigVitenDokumentarYtringNRK SápmiNRK KvenskSportSportsnyheterLivesportSendeplanSpillQuizFormerTversDistriktAgderAkershusBuskerudFinnmarkInnlandetMøre og RomsdalNordlandOsloRogalandTelemarkTromsTrøndelagVestfoldVestlandØstfoldTemasiderNRK HumorNRK MatNRK SkoleNRKbetaInfoHjelpInformasjonBærekraftKarriere  
Sport
Livesport
Video
Sendeplan
Langlesing
Audun Grønvold er død etter lynnedslag: – Forferdelig tragisk
Tidligere OL-medaljør Audun Grønvold etterlater seg kone og tre barn. Kjetil André Aamodt minnes kompisen som en ildsjel.
HØYDEPUNKTET: Audun Grønvold tok OL-bronse i skicross i 2010. Foto: Lise Åserud / NTB
Anders Skjerdingstad
 – Journalist
Journalist
+ 3 til
Vegard Kjøllmoen Steien
 – Journalist
Journalist
Sara Sivertsen Fahrendorff
 – Journalist
Journalist
Astri Chatura Øverdal
 – Journalist
Journalist
Publisert
16.07.2025, kl. 14.18
Oppdatert
16.07.2025, kl. 15.43
Publisert
16.07.2025, kl. 14.18
Oppdatert
16.07.2025, kl. 15.43
Audun Grønvold døde natt til onsdag, 49 år gammel. Det skjedde etter at han ble truffet av et lynnedslag mens han var på hytta lørdag. I et Facebook-innlegg onsdag skriver Grønvolds kone, Kristin Tandberg Haugsjå: «Audun, min store kjærlighet og min beste venn i tjue år.. i dag forlot du oss. Det som startet med en nydelig sommerferie, endte forrige lørdag med at du ble truffet av lynet mens vi var ute ved hytta vår. Selv om du raskt fikk behandling og ble fraktet til sykehus, døde du av skadene i natt. Sanna, Selma, William og jeg vil bære deg med oss i hjertene våre. Savnet etter deg er enormt». Haugsjå har gitt NRK godkjennelse til å gjengi innlegget. Hamar Arbeiderblad omtalte saken først. – Det er bare forferdelig tragisk og et trist budskap å få. Det var en brå og altfor tidlig død, så det er veldig brutalt, sier Kjetil André Aamodt til NRK. Han var lagkamerat med Grønvold på det norske alpinlandslaget. De siste 15 årene har de to spilt ishockey sammen på hobbybasis. OL-medalje i skicross Grønvold startet sin aktive idrettskarriere som alpinist. Han har NM-gull i utfor fra 2003 og 2004, men i 2004 bestemte han seg for å satse på en ny idrett. Hamarsingen startet med skicross i sesongen 2004/05, der han raskt etablerte seg som en av verdens beste utøvere. I 2007 tok Grønvold VM-bronse og en verdenscupseier. 
PÅ PALLEN MED KJUSER'N: Audun Grønvold (t.h.) ble nummer tre i verdenscupfinalen i utfor i Sierra Nevada i 199, bak Lasse Kjus og Chad Fleischer.
Foto: Torbjørn Jakobsson/FLT-PICA / NTB
I 2010 begikk han karrierens største bragd. Da sikret Grønvold seg en OL-bronse i Vancouver. Samme år vant han NM-gull og tok karrierens første kongepokal i skicross. Etter OL-sesongen ga han seg som aktiv idrettsutøver. Årsaken var at kroppen hadde gitt signaler om at det var nok. Grønvold slet med både kne, albue og nakke mot slutten av karrieren. – Jeg gir meg med litt tungt hjerte, men det er et fornuftig valg, sa Grønvold til NRK den gang.
MUNTER: Slik vil Kjetil André Aamodt huske Audun Grønvold. Foto: Privat
– Ildsjel Rett etter den aktive idrettskarrieren var over, ble han sjef for skicrosslandslaget. Grønvold jobbet som landslagstrener fra 2010 til 2012. Ifølge Kjetil André Aamodt var Grønvold aktiv innen idretten også etter at han ga seg i de formelle rollene innen toppidretten. – Han var primus motor for hockeylaget vi spilte på, Lambertseter Flyers. Han sto også på og fulgte opp barna sine. Han var en ildsjel i de miljøene der han var, sier alpinlegenden. Han opplever at Grønvold på enkelte områder var et unikt talent. – Han drev jo med både hopp, hockey, alpint og skicross. Han var veldig glad i sport og veldig aktiv. Og han var en av de hurtigste og spenstigste utøverne som er målt i tester på Olympiatoppen, sier Aamodt. – Hva er ditt beste minne med Audun Grønvold? – Det er mange minner. Når du har stått og opplevd nervøsiteten sammen på toppen av Kitzbühel, kommer du tett. Akkurat nå husker jeg kanskje aller best at Audun troppet opp på «løkkehockey» i mai i keeperutstyr. Han skulle egentlig ikke vært der, og han var egentlig ikke keeper, men plutselig dukket han opp i fullt keeperutstyr bare for å gi oss en latter, sier Aamodt. – Sjokkerende Christian Mithassel var utøver på skicrosslandslaget da Grønvold var landslagstrener. Han kjente ikke til dødsfallet før han ble kontaktet av NRK onsdag ettermiddag. – Det er veldig synd og sjokkerende å høre. Han var en kjempefin person og en engasjert trener. Han var generelt veldig engasjert i idretten og det han holdt på med, sier Midthassel. Hedda Berntsen var på landslaget i skicross sammen med Grønvold. – Vi som var på landslaget med Audun gjennom flere år, er i sorg og sjokk. Vi minnes Audun som en fantastisk idrettsutøver og venn, skriver hun i en melding til NRK. – Norsk skisport har mistet en markant skikkelse, som har betydd så mye for både alpint og freestylemiljøet. Audun hadde en flott karriere både i alpint og skicross, sier Dyrhaug i en melding sendt til NTB. – Som lagkamerat, trener, kollega og venn satte han dype spor i skiidretten, sier alpinsjef Claus Ryste i en uttalelse.
Publisert
16.07.2025, kl. 14.18
Oppdatert
16.07.2025, kl. 15.43
 
Sportsnyheter
Her er Skotheims gulloppskrift: Klekte ut planen frå pappas Excel-ark Sander Skotheim drøymer stort før VM-tikampen. No gir han eit eksklusivt innblikk i kva som må til for jubel. Av Magnus Helle, Fredrik Solbu Jullumstrø og Anders Boine Verstad
Halta ut etter VM-fiasko – no ventar ferie: – Hadde vore kjipt å miste både gullet og dama Over to timar etter løpet, kunne Karsten Warholm forlate VM-stadion i Tokyo. No ventar ferie med sambuaren Oda Djupvik. Av Hanne Skjellum og Harald Thingnes
Her får Benjamin beskjed om at han er disket – så kom helomvendingen Rai Benjamin er verdensmester på 400 meter hekk, etter stor dramatikk. For Karsten Warholm endte finalen med skuffelse – og mulig skade. Av Anders Skjerdingstad, Ida Nysæter Rasch, Harald Thingnes, Brede Bleiklie Thomassen, Mathias Hagen, Simon Zetlitz Nessler, Mark Tonkin og Jørgen Figenschou
+
Vis flere
Siste nytt
19. september
2025
kl.
19:40
Sportsnyheter
Håndballjentene knuste Tyrkia – vant med over 30 mål
De norske håndballkvinnene vartet opp med storseier over Tyrkia under en firenasjonsturnering fredag. Norge vant 42-10. Landslaget er på samling i Tsjekkia og forbereder seg til VM går i gang i Tyskland og Nederland i slutten av november. I treningskampen mot Tyrkia ble det totaldominans og målshow fra de norske jentene. Forskjellen mellom lagene var store allerede fra start og Norge brukte kort tid på å skaffe seg et forsprang. Til pause sto det 20-5 til Ole Gustav Gjekstads utvalgte. Håndballjentene mer enn doblet ledelsen etter hvilen og vant til slutt med 32 mål. Norge er i gruppe med Tsjekkia, Tyrkia og Kroatia i firenasjonersturneringen i Tsjekkia. Kroatia venter for håndballjentene lørdag, før det norske landslaget skal møte Tsjekkia søndag. (NTB)
Foto: Terje Pedersen / NTB
19. september
2025
kl.
16:24
Sportsnyheter
IOC: Tillater russiske utøvere under nøytralt flagg i 2026
Den internasjonale olympiske komité (IOC) uttaler at de vil la russere delta i vinter-OL i 2026 under nøytralt flagg. Det melder de selv på sine sider. – Jeg er ikke overrasket over det, sier Magnus Nedregotten til NRK. Curlingspilleren er leder av utøverkomiteen i norsk idrett. Han har ikke fått med seg nyheten før NRK tar kontakt. – Mitt standpunkt rundt dette er ikke viktig, men utøverkomiteen har diskutert dette mye, og der er det ikke sånn at vi har gjort noe vedtak rundt hva som er riktig eller ikke riktig. Jeg stoler på hva IOC har tenkt rundt det der, forteller Nedregotten. Russiske utøvere har vært utestengt i mange idretter siden krigen mot Ukraina startet i 2022.  Den internasjonale olympiske komité (IOC) har tidligere åpnet for at utøvere fra Russland og Belarus kan delta som nøytrale dersom de oppfyller visse krav. Utøvere fra begge land var med i Paris-OL i fjor, da 15 nøytrale russere og 17 nøytrale belarusseretakket ja til en OL-invitasjon. Samtidig fant NRK over 80 deltagere som var født i Russland og som deltok for andre nasjoner.  Reglene vil være de samme i 2026 som de var i Paris i 2024. Utøverne må ha gjennomgått tilstrekkelig dopingtesting, kan ikke ha støttet krigen i Ukraina eller ha koblinger til militæret, for å nevne noe. Ingen lag vil kunne delta under nøytralt flagg. – Vi har en gruppe som skal ettergå de som meldes på. Vi syns det var mest rettferdig å beholde det sånn som det var i Paris, sier IOC-president Kirsty Coventry på en pressekonferanse fredag. Det samsvarer med den norske utøverkomiteens ønske. – Jeg ønsker at de skal holde den samme linjen og at de ikke tillater noen form for russisk innblanding for de utøverne som ikke er innblandet i regimet og skal inn i lekene, understreker Nedregotten. – Flere idretter har diskutert om lag skal få delta, og det har jeg vært helt imot. Når det først kommer et lag fra Russland, så blir det fort veldig mye mer symbolikk rundt det som foregår. Enkeltutøvere er litt annerledes, fortsetter han.  Vinter-OL i Milano og Cortina d'Ampezzo avvikles i tiden 6.–22. februar neste år.
Foto: Claudia Greco / Reuters / NTB
19. september
2025
kl.
16:20
Sportsnyheter
IOC: Skal avgjøre OL-skjebnen til kombinert neste år
Den internasjonale olympiske komite (IOC), skal vurdere kombinertsportens fremtid i OL i et møte i desember 2026.  Kombinert har lenge levd med uvisshet om deres videre OL-skjebne. Kvinnene er fortsatt ikke en del av OL-programmet.  De kommer til å være en del av OL-programmet i Milano og Cortina i februar 2026, men til OL i 2030, kan det være ute av av programmet.  – Vi ønsker å se an trenden fra OL i 2022 til OL i 2026 før vi tar en avgjørelse, sa sportsdirektør i IOC, Pierre Ducrey, på en pressekonferanse fredag.  Det er styret i IOC som avgjør skjebnen til kombinert.
Foto: Christoffer Andersen / NTB
+
Vis flere
Sendeplan
I går I dag I morgen
Velg dato
Kl.
Program
Kanal
+
Vis hele dagen
NRK Sport
Telefon: 
23 04 70 00
E-post: 
sporten@nrk.no
Sportsredaktør: 
Espen Olsen Langfeldt
Norsk Presseforbund, logo.
Vi arbeider etter Vær Varsom-plakatens regler for god presseskikk. Den som mener seg rammet av urettmessig publisering, oppfordres til å ta kontakt med redaksjonen. Pressens Faglige Utvalg (PFU) er et klageorgan oppnevnt av Norsk Presseforbund som behandler klager mot mediene i presseetiske spørsmål.
Lukk.
NRK arbeider etter Vær Varsom-plakatens regler for god presseskikk. Klikk for mer informasjon.
Nyhetstips 03030
Kontakt
Kontakt
Om NRK Kontakt NRK
Lisens
Publikum i NRK Delta i NRK-programmer Jobb i NRK
Presse
Hjelp
Hjelp
Brukerstøtte
Tilgjengelighet
Personvern
Informasjonskapsler (cookies)
Tjenester
Tjenester
Yr
NRK Skole
Produksjon
Produksjon
Eksterne produksjoner Retningslinjer og design
Salg
Salg
TV-spons og salg
Til toppen
NRK
Opphavsrett NRK © 2025
Ansvarlig redaktør: Vibeke Fürst Haugen Nettsjef: Kathrine Hammerstad (Konst.)

]]></system-out>
  </testcase>
</testsuite>